This is pdfTeX, Version 3.1415926-2.5-1.40.14 (TeX Live 2013) (format=pdflatex 2013.5.30)  5 JUN 2014 14:25
entering extended mode
 \write18 enabled.
 %&-line parsing enabled.
**ALDEX_manual_modular_2.0.tex
(./ALDEX_manual_modular_2.0.tex
LaTeX2e <2011/06/27>
Babel <3.9f> and hyphenation patterns for 78 languages loaded.
(/usr/local/texlive/2013/texmf-dist/tex/latex/base/article.cls
Document Class: article 2007/10/19 v1.4h Standard LaTeX document class
(/usr/local/texlive/2013/texmf-dist/tex/latex/base/size11.clo
File: size11.clo 2007/10/19 v1.4h Standard LaTeX file (size option)
)
\c@part=\count79
\c@section=\count80
\c@subsection=\count81
\c@subsubsection=\count82
\c@paragraph=\count83
\c@subparagraph=\count84
\c@figure=\count85
\c@table=\count86
\abovecaptionskip=\skip41
\belowcaptionskip=\skip42
\bibindent=\dimen102
)
(/usr/local/texlive/2013/texmf-dist/tex/latex/geometry/geometry.sty
Package: geometry 2010/09/12 v5.6 Page Geometry

(/usr/local/texlive/2013/texmf-dist/tex/latex/graphics/keyval.sty
Package: keyval 1999/03/16 v1.13 key=value parser (DPC)
\KV@toks@=\toks14
)
(/usr/local/texlive/2013/texmf-dist/tex/generic/oberdiek/ifpdf.sty
Package: ifpdf 2011/01/30 v2.3 Provides the ifpdf switch (HO)
Package ifpdf Info: pdfTeX in PDF mode is detected.
)
(/usr/local/texlive/2013/texmf-dist/tex/generic/oberdiek/ifvtex.sty
Package: ifvtex 2010/03/01 v1.5 Detect VTeX and its facilities (HO)
Package ifvtex Info: VTeX not detected.
)
(/usr/local/texlive/2013/texmf-dist/tex/generic/ifxetex/ifxetex.sty
Package: ifxetex 2010/09/12 v0.6 Provides ifxetex conditional
)
\Gm@cnth=\count87
\Gm@cntv=\count88
\c@Gm@tempcnt=\count89
\Gm@bindingoffset=\dimen103
\Gm@wd@mp=\dimen104
\Gm@odd@mp=\dimen105
\Gm@even@mp=\dimen106
\Gm@layoutwidth=\dimen107
\Gm@layoutheight=\dimen108
\Gm@layouthoffset=\dimen109
\Gm@layoutvoffset=\dimen110
\Gm@dimlist=\toks15
)
(/usr/local/texlive/2013/texmf-dist/tex/latex/graphics/graphicx.sty
Package: graphicx 1999/02/16 v1.0f Enhanced LaTeX Graphics (DPC,SPQR)

(/usr/local/texlive/2013/texmf-dist/tex/latex/graphics/graphics.sty
Package: graphics 2009/02/05 v1.0o Standard LaTeX Graphics (DPC,SPQR)

(/usr/local/texlive/2013/texmf-dist/tex/latex/graphics/trig.sty
Package: trig 1999/03/16 v1.09 sin cos tan (DPC)
)
(/usr/local/texlive/2013/texmf-dist/tex/latex/latexconfig/graphics.cfg
File: graphics.cfg 2010/04/23 v1.9 graphics configuration of TeX Live
)
Package graphics Info: Driver file: pdftex.def on input line 91.

(/usr/local/texlive/2013/texmf-dist/tex/latex/pdftex-def/pdftex.def
File: pdftex.def 2011/05/27 v0.06d Graphics/color for pdfTeX

(/usr/local/texlive/2013/texmf-dist/tex/generic/oberdiek/infwarerr.sty
Package: infwarerr 2010/04/08 v1.3 Providing info/warning/error messages (HO)
)
(/usr/local/texlive/2013/texmf-dist/tex/generic/oberdiek/ltxcmds.sty
Package: ltxcmds 2011/11/09 v1.22 LaTeX kernel commands for general use (HO)
)
\Gread@gobject=\count90
))
\Gin@req@height=\dimen111
\Gin@req@width=\dimen112
)
(/usr/local/texlive/2013/texmf-dist/tex/latex/amsfonts/amssymb.sty
Package: amssymb 2013/01/14 v3.01 AMS font symbols

(/usr/local/texlive/2013/texmf-dist/tex/latex/amsfonts/amsfonts.sty
Package: amsfonts 2013/01/14 v3.01 Basic AMSFonts support
\@emptytoks=\toks16
\symAMSa=\mathgroup4
\symAMSb=\mathgroup5
LaTeX Font Info:    Overwriting math alphabet `\mathfrak' in version `bold'
(Font)                  U/euf/m/n --> U/euf/b/n on input line 106.
))
(/usr/local/texlive/2013/texmf-dist/tex/latex/oberdiek/epstopdf.sty
Package: epstopdf 2010/02/09 v2.5 Conversion with epstopdf on the fly (HO)

(/usr/local/texlive/2013/texmf-dist/tex/latex/oberdiek/epstopdf-base.sty
Package: epstopdf-base 2010/02/09 v2.5 Base part for package epstopdf

(/usr/local/texlive/2013/texmf-dist/tex/latex/oberdiek/grfext.sty
Package: grfext 2010/08/19 v1.1 Manage graphics extensions (HO)

(/usr/local/texlive/2013/texmf-dist/tex/generic/oberdiek/kvdefinekeys.sty
Package: kvdefinekeys 2011/04/07 v1.3 Define keys (HO)
))
(/usr/local/texlive/2013/texmf-dist/tex/latex/oberdiek/kvoptions.sty
Package: kvoptions 2011/06/30 v3.11 Key value format for package options (HO)

(/usr/local/texlive/2013/texmf-dist/tex/generic/oberdiek/kvsetkeys.sty
Package: kvsetkeys 2012/04/25 v1.16 Key value parser (HO)

(/usr/local/texlive/2013/texmf-dist/tex/generic/oberdiek/etexcmds.sty
Package: etexcmds 2011/02/16 v1.5 Avoid name clashes with e-TeX commands (HO)

(/usr/local/texlive/2013/texmf-dist/tex/generic/oberdiek/ifluatex.sty
Package: ifluatex 2010/03/01 v1.3 Provides the ifluatex switch (HO)
Package ifluatex Info: LuaTeX not detected.
)
Package etexcmds Info: Could not find \expanded.
(etexcmds)             That can mean that you are not using pdfTeX 1.50 or
(etexcmds)             that some package has redefined \expanded.
(etexcmds)             In the latter case, load this package earlier.
)))
(/usr/local/texlive/2013/texmf-dist/tex/generic/oberdiek/pdftexcmds.sty
Package: pdftexcmds 2011/11/29 v0.20 Utility functions of pdfTeX for LuaTeX (HO
)
Package pdftexcmds Info: LuaTeX not detected.
Package pdftexcmds Info: \pdf@primitive is available.
Package pdftexcmds Info: \pdf@ifprimitive is available.
Package pdftexcmds Info: \pdfdraftmode found.
)
Package grfext Info: Graphics extension search list:
(grfext)             [.png,.pdf,.jpg,.mps,.jpeg,.jbig2,.jb2,.PNG,.PDF,.JPG,.JPE
G,.JBIG2,.JB2,.eps]
(grfext)             \AppendGraphicsExtensions on input line 452.

(/usr/local/texlive/2013/texmf-dist/tex/latex/latexconfig/epstopdf-sys.cfg
File: epstopdf-sys.cfg 2010/07/13 v1.3 Configuration of (r)epstopdf for TeX Liv
e
)))
(/usr/local/texlive/2013/texmf-dist/tex/latex/wrapfig/wrapfig.sty
\wrapoverhang=\dimen113
\WF@size=\dimen114
\c@WF@wrappedlines=\count91
\WF@box=\box26
\WF@everypar=\toks17
Package: wrapfig 2003/01/31  v 3.6
)
(/usr/local/texlive/2013/texmf-dist/tex/latex/caption/caption.sty
Package: caption 2013/05/02 v3.3-89 Customizing captions (AR)

(/usr/local/texlive/2013/texmf-dist/tex/latex/caption/caption3.sty
Package: caption3 2013/05/02 v1.6-88 caption3 kernel (AR)
Package caption3 Info: TeX engine: e-TeX on input line 57.
\captionmargin=\dimen115
\captionmargin@=\dimen116
\captionwidth=\dimen117
\caption@tempdima=\dimen118
\caption@indent=\dimen119
\caption@parindent=\dimen120
\caption@hangindent=\dimen121
)
\c@ContinuedFloat=\count92
Package caption Info: wrapfig package is loaded.
)
(./ALDEX_manual_modular_2.0.aux

LaTeX Warning: Label `selex' multiply defined.

)
\openout1 = `ALDEX_manual_modular_2.0.aux'.

LaTeX Font Info:    Checking defaults for OML/cmm/m/it on input line 23.
LaTeX Font Info:    ... okay on input line 23.
LaTeX Font Info:    Checking defaults for T1/cmr/m/n on input line 23.
LaTeX Font Info:    ... okay on input line 23.
LaTeX Font Info:    Checking defaults for OT1/cmr/m/n on input line 23.
LaTeX Font Info:    ... okay on input line 23.
LaTeX Font Info:    Checking defaults for OMS/cmsy/m/n on input line 23.
LaTeX Font Info:    ... okay on input line 23.
LaTeX Font Info:    Checking defaults for OMX/cmex/m/n on input line 23.
LaTeX Font Info:    ... okay on input line 23.
LaTeX Font Info:    Checking defaults for U/cmr/m/n on input line 23.
LaTeX Font Info:    ... okay on input line 23.

*geometry* driver: auto-detecting
*geometry* detected driver: pdftex
*geometry* verbose mode - [ preamble ] result:
* driver: pdftex
* paper: letterpaper
* layout: <same size as paper>
* layoutoffset:(h,v)=(0.0pt,0.0pt)
* modes: 
* h-part:(L,W,R)=(72.26999pt, 469.75502pt, 72.26999pt)
* v-part:(T,H,B)=(72.26999pt, 650.43001pt, 72.26999pt)
* \paperwidth=614.295pt
* \paperheight=794.96999pt
* \textwidth=469.75502pt
* \textheight=650.43001pt
* \oddsidemargin=0.0pt
* \evensidemargin=0.0pt
* \topmargin=-37.0pt
* \headheight=12.0pt
* \headsep=25.0pt
* \topskip=11.0pt
* \footskip=30.0pt
* \marginparwidth=59.0pt
* \marginparsep=10.0pt
* \columnsep=10.0pt
* \skip\footins=10.0pt plus 4.0pt minus 2.0pt
* \hoffset=0.0pt
* \voffset=0.0pt
* \mag=1000
* \@twocolumnfalse
* \@twosidefalse
* \@mparswitchfalse
* \@reversemarginfalse
* (1in=72.27pt=25.4mm, 1cm=28.453pt)

(/usr/local/texlive/2013/texmf-dist/tex/context/base/supp-pdf.mkii
[Loading MPS to PDF converter (version 2006.09.02).]
\scratchcounter=\count93
\scratchdimen=\dimen122
\scratchbox=\box27
\nofMPsegments=\count94
\nofMParguments=\count95
\everyMPshowfont=\toks18
\MPscratchCnt=\count96
\MPscratchDim=\dimen123
\MPnumerator=\count97
\makeMPintoPDFobject=\count98
\everyMPtoPDFconversion=\toks19
)
Package caption Info: Begin \AtBeginDocument code.
Package caption Info: End \AtBeginDocument code.
LaTeX Font Info:    Try loading font information for U+msa on input line 24.
 (/usr/local/texlive/2013/texmf-dist/tex/latex/amsfonts/umsa.fd
File: umsa.fd 2013/01/14 v3.01 AMS symbols A
)
LaTeX Font Info:    Try loading font information for U+msb on input line 24.

(/usr/local/texlive/2013/texmf-dist/tex/latex/amsfonts/umsb.fd
File: umsb.fd 2013/01/14 v3.01 AMS symbols B
)
(./ALDEX_manual_modular_2.0.toc)
\tf@toc=\write3
\openout3 = `ALDEX_manual_modular_2.0.toc'.

 [1

{/usr/local/texlive/2013/texmf-var/fonts/map/pdftex/updmap/pdftex.map}] [2]
Overfull \hbox (41.87819pt too wide) in paragraph at lines 108--108
[]\OT1/cmtt/m/n/10.95 # three inputs: the aldex object from aldex.clr, vector o
f conditions, paired test or not[] 
 []

[3]
Overfull \hbox (41.87819pt too wide) in paragraph at lines 108--108
[]\OT1/cmtt/m/n/10.95 # three inputs: the aldex object from aldex.clr, vector o
f conditions, include values for[] 
 []

</Users/ggloor/git/ALDEx2/manual/aldex_plot.pdf, id=18, 578.16pt x 325.215pt>
File: /Users/ggloor/git/ALDEx2/manual/aldex_plot.pdf Graphic file (type pdf)

<use /Users/ggloor/git/ALDEx2/manual/aldex_plot.pdf>
Package pdftex.def Info: /Users/ggloor/git/ALDEx2/manual/aldex_plot.pdf used on
 input line 111.
(pdftex.def)             Requested size: 433.62pt x 243.91064pt.
 [4 </Users/ggloor/git/ALDEx2/manual/aldex_plot.pdf>]
Overfull \hbox (64.36719pt too wide) in paragraph at lines 155--156
[]\OT1/cmr/m/n/10.95 rab.X1[]BNS.q50 - me-dian ex-pres-sion value of fea-tures 
in sam-ple X1[]BNS if \OT1/cmtt/m/n/10.95 [\OT1/cmr/m/n/10.95 include.item.summ
ary=TRUE] 
 []

[5]
</Users/ggloor/git/ALDEx2/manual/selex_comparison.pdf, id=38, 707.64375pt x 368
.37625pt>
File: /Users/ggloor/git/ALDEx2/manual/selex_comparison.pdf Graphic file (type p
df)
 <use /Users/ggloor/git/ALDEx2/manual/selex_comparison.pdf>
Package pdftex.def Info: /Users/ggloor/git/ALDEx2/manual/selex_comparison.pdf u
sed on input line 186.
(pdftex.def)             Requested size: 433.62pt x 225.7322pt.
 [6 </Users/ggloor/git/ALDEx2/manual/selex_comparison.pdf>]

LaTeX Warning: Citation `Hsiao:2013' on page 7 undefined on input line 195.


Overfull \hbox (18.88344pt too wide) in paragraph at lines 263--263
[]\OT1/cmtt/m/n/10.95 #reveals only OTUs 135 and 956 are in common with Figure 
4 and Supplementary table 2.[] 
 []


Overfull \hbox (13.13475pt too wide) in paragraph at lines 263--263
[]\OT1/cmtt/m/n/10.95 #note that these latter 4 OTUs had very small read counts
 contrary to the first two.[] 
 []


Overfull \hbox (13.13475pt too wide) in paragraph at lines 263--263
[]\OT1/cmtt/m/n/10.95 #ALSO NOTE: these are P values, not corrected for false d
iscovery rates. The authors[] 
 []

[7]
Overfull \hbox (1.63737pt too wide) in paragraph at lines 263--263
[]\OT1/cmtt/m/n/10.95 #ALDEx2 recapitulates the observations that relative abun
dance changes in the most[] 
 []


Overfull \hbox (1.63737pt too wide) in paragraph at lines 263--263
[]\OT1/cmtt/m/n/10.95 #many other OTUs were too rare for robust conclusions, an
d were excluded by ALDEx2[] 
 []


Overfull \hbox (53.37556pt too wide) in paragraph at lines 263--263
[]\OT1/cmtt/m/n/10.95 #this is not surprising, since there were between 2160 to
 2947 reads per sample (mean 2608)[] 
 []


Overfull \hbox (64.87294pt too wide) in paragraph at lines 263--263
[]\OT1/cmtt/m/n/10.95 #scattered amongst 1446 OTU sequences. In other words, th
e expected OTU read count per sample[] 
 []


Overfull \hbox (36.1295pt too wide) in paragraph at lines 263--263
[]\OT1/cmtt/m/n/10.95 #was about 2, and the sequencing depth was likely not suf
ficient for robust conclusions.[] 
 []

[8]
LaTeX Font Info:    Try loading font information for OMS+cmr on input line 295.

 (/usr/local/texlive/2013/texmf-dist/tex/latex/base/omscmr.fd
File: omscmr.fd 1999/05/25 v2.5h Standard LaTeX font definitions
)
LaTeX Font Info:    Font shape `OMS/cmr/m/n' in size <10.95> not available
(Font)              Font shape `OMS/cmsy/m/n' tried instead on input line 295.

</Users/ggloor/git/ALDEx2/manual/DirvsBH.pdf, id=82, 433.62pt x 361.35pt>
File: /Users/ggloor/git/ALDEx2/manual/DirvsBH.pdf Graphic file (type pdf)

<use /Users/ggloor/git/ALDEx2/manual/DirvsBH.pdf>
Package pdftex.def Info: /Users/ggloor/git/ALDEx2/manual/DirvsBH.pdf used on in
put line 306.
(pdftex.def)             Requested size: 281.85587pt x 234.89125pt.
 [9]

Package wrapfig Warning: Stationary wrapfigure forced to float on input line 31
3.

[10 </Users/ggloor/git/ALDEx2/manual/DirvsBH.pdf>]
Overfull \hbox (1.63737pt too wide) in paragraph at lines 345--345
[]\OT1/cmtt/m/n/10.95 are the number of columns in a row, eg. number of Monte-C
arlo Dirichlet instances:[] 
 []

[11] </Users/ggloor/git/ALDEx2/manual/effect.pdf, id=99, 289.08pt x 289.08pt>
File: /Users/ggloor/git/ALDEx2/manual/effect.pdf Graphic file (type pdf)

<use /Users/ggloor/git/ALDEx2/manual/effect.pdf>
Package pdftex.def Info: /Users/ggloor/git/ALDEx2/manual/effect.pdf used on inp
ut line 351.
(pdftex.def)             Requested size: 187.89914pt x 187.89977pt.

Overfull \hbox (136.30095pt too wide) in paragraph at lines 367--367
[]  \OT1/cmtt/m/n/10.95 cex=0.3, xlab="Effect size", ylab="log10 BH adjusted or
 raw p value")[] 
 []


Overfull \hbox (119.05489pt too wide) in paragraph at lines 367--367
[]  \OT1/cmtt/m/n/10.95 log10(x.all$we.BH[x.all$we.eBH <0.05]),pch=19, cex=0.3,
 col="red")[] 
 []


Overfull \hbox (136.30095pt too wide) in paragraph at lines 367--367
[]  \OT1/cmtt/m/n/10.95 pch=19, cex=0.3,col="blue", xlab="Effect size", ylab="l
og10 p value")[] 
 []

[12 </Users/ggloor/git/ALDEx2/manual/effect.pdf>]
Overfull \hbox (1.64375pt too wide) in paragraph at lines 371--371
[]\OT1/cmr/bx/n/14.4 Grouping by Gene Func-tion: Sum-
 []


Underfull \hbox (badness 10000) in paragraph at lines 378--379

 []

[13] (./ALDEX_manual_modular_2.0.bbl
Underfull \hbox (badness 6332) in paragraph at lines 43--48
[]\OT1/cmr/m/n/10.95 Aitchison J (2003).  A con-cise guide to com-po-si-tional 
data anal-y-sis.  URL
 []


Overfull \hbox (63.79279pt too wide) in paragraph at lines 43--48
\OT1/cmtt/m/n/10.95 http://ima.udg.edu/Activitats/CoDaWork05/A[]concise[]guide[
]to[]compositional[]data[]analysis.pdf\OT1/cmr/m/n/10.95 .
 []


Underfull \hbox (badness 10000) in paragraph at lines 43--48

 []

) [14] (./ALDEX_manual_modular_2.0.aux)

LaTeX Warning: There were undefined references.


LaTeX Warning: There were multiply-defined labels.

 )
(\end occurred inside a group at level 1)

### simple group (level 1) entered at line 324 ({)
### bottom level 
Here is how much of TeX's memory you used:
 3468 strings out of 493315
 53845 string characters out of 6137904
 121880 words of memory out of 5000000
 6864 multiletter control sequences out of 15000+600000
 14041 words of font info for 55 fonts, out of 8000000 for 9000
 957 hyphenation exceptions out of 8191
 42i,7n,38p,1396b,411s stack positions out of 5000i,500n,10000p,200000b,80000s
</usr/local/texlive/2013/texmf-dist/fonts/type1/public/amsfonts
/cm/cmbx10.pfb></usr/local/texlive/2013/texmf-dist/fonts/type1/public/amsfonts/
cm/cmbx12.pfb></usr/local/texlive/2013/texmf-dist/fonts/type1/public/amsfonts/c
m/cmmi10.pfb></usr/local/texlive/2013/texmf-dist/fonts/type1/public/amsfonts/cm
/cmr10.pfb></usr/local/texlive/2013/texmf-dist/fonts/type1/public/amsfonts/cm/c
mr12.pfb></usr/local/texlive/2013/texmf-dist/fonts/type1/public/amsfonts/cm/cmr
17.pfb></usr/local/texlive/2013/texmf-dist/fonts/type1/public/amsfonts/cm/cmsy1
0.pfb></usr/local/texlive/2013/texmf-dist/fonts/type1/public/amsfonts/cm/cmti10
.pfb></usr/local/texlive/2013/texmf-dist/fonts/type1/public/amsfonts/cm/cmtt10.
pfb>
Output written on ALDEX_manual_modular_2.0.pdf (14 pages, 730492 bytes).
PDF statistics:
 147 PDF objects out of 1000 (max. 8388607)
 106 compressed objects within 2 object streams
 0 named destinations out of 1000 (max. 500000)
 21 words of extra memory for PDF output out of 10000 (max. 10000000)

