This is pdfTeX, Version 3.1415926-2.5-1.40.14 (TeX Live 2013) (format=pdflatex 2013.5.30)  9 APR 2014 15:32
entering extended mode
 \write18 enabled.
 %&-line parsing enabled.
**ALDEX_manual_tex_2.0.tex
(./ALDEX_manual_tex_2.0.tex
LaTeX2e <2011/06/27>
Babel <3.9f> and hyphenation patterns for 78 languages loaded.
(/usr/local/texlive/2013/texmf-dist/tex/latex/base/article.cls
Document Class: article 2007/10/19 v1.4h Standard LaTeX document class
(/usr/local/texlive/2013/texmf-dist/tex/latex/base/size11.clo
File: size11.clo 2007/10/19 v1.4h Standard LaTeX file (size option)
)
\c@part=\count79
\c@section=\count80
\c@subsection=\count81
\c@subsubsection=\count82
\c@paragraph=\count83
\c@subparagraph=\count84
\c@figure=\count85
\c@table=\count86
\abovecaptionskip=\skip41
\belowcaptionskip=\skip42
\bibindent=\dimen102
)
(/usr/local/texlive/2013/texmf-dist/tex/latex/geometry/geometry.sty
Package: geometry 2010/09/12 v5.6 Page Geometry

(/usr/local/texlive/2013/texmf-dist/tex/latex/graphics/keyval.sty
Package: keyval 1999/03/16 v1.13 key=value parser (DPC)
\KV@toks@=\toks14
)
(/usr/local/texlive/2013/texmf-dist/tex/generic/oberdiek/ifpdf.sty
Package: ifpdf 2011/01/30 v2.3 Provides the ifpdf switch (HO)
Package ifpdf Info: pdfTeX in PDF mode is detected.
)
(/usr/local/texlive/2013/texmf-dist/tex/generic/oberdiek/ifvtex.sty
Package: ifvtex 2010/03/01 v1.5 Detect VTeX and its facilities (HO)
Package ifvtex Info: VTeX not detected.
)
(/usr/local/texlive/2013/texmf-dist/tex/generic/ifxetex/ifxetex.sty
Package: ifxetex 2010/09/12 v0.6 Provides ifxetex conditional
)
\Gm@cnth=\count87
\Gm@cntv=\count88
\c@Gm@tempcnt=\count89
\Gm@bindingoffset=\dimen103
\Gm@wd@mp=\dimen104
\Gm@odd@mp=\dimen105
\Gm@even@mp=\dimen106
\Gm@layoutwidth=\dimen107
\Gm@layoutheight=\dimen108
\Gm@layouthoffset=\dimen109
\Gm@layoutvoffset=\dimen110
\Gm@dimlist=\toks15
)
(/usr/local/texlive/2013/texmf-dist/tex/latex/graphics/graphicx.sty
Package: graphicx 1999/02/16 v1.0f Enhanced LaTeX Graphics (DPC,SPQR)

(/usr/local/texlive/2013/texmf-dist/tex/latex/graphics/graphics.sty
Package: graphics 2009/02/05 v1.0o Standard LaTeX Graphics (DPC,SPQR)

(/usr/local/texlive/2013/texmf-dist/tex/latex/graphics/trig.sty
Package: trig 1999/03/16 v1.09 sin cos tan (DPC)
)
(/usr/local/texlive/2013/texmf-dist/tex/latex/latexconfig/graphics.cfg
File: graphics.cfg 2010/04/23 v1.9 graphics configuration of TeX Live
)
Package graphics Info: Driver file: pdftex.def on input line 91.

(/usr/local/texlive/2013/texmf-dist/tex/latex/pdftex-def/pdftex.def
File: pdftex.def 2011/05/27 v0.06d Graphics/color for pdfTeX

(/usr/local/texlive/2013/texmf-dist/tex/generic/oberdiek/infwarerr.sty
Package: infwarerr 2010/04/08 v1.3 Providing info/warning/error messages (HO)
)
(/usr/local/texlive/2013/texmf-dist/tex/generic/oberdiek/ltxcmds.sty
Package: ltxcmds 2011/11/09 v1.22 LaTeX kernel commands for general use (HO)
)
\Gread@gobject=\count90
))
\Gin@req@height=\dimen111
\Gin@req@width=\dimen112
)
(/usr/local/texlive/2013/texmf-dist/tex/latex/amsfonts/amssymb.sty
Package: amssymb 2013/01/14 v3.01 AMS font symbols

(/usr/local/texlive/2013/texmf-dist/tex/latex/amsfonts/amsfonts.sty
Package: amsfonts 2013/01/14 v3.01 Basic AMSFonts support
\@emptytoks=\toks16
\symAMSa=\mathgroup4
\symAMSb=\mathgroup5
LaTeX Font Info:    Overwriting math alphabet `\mathfrak' in version `bold'
(Font)                  U/euf/m/n --> U/euf/b/n on input line 106.
))
(/usr/local/texlive/2013/texmf-dist/tex/latex/oberdiek/epstopdf.sty
Package: epstopdf 2010/02/09 v2.5 Conversion with epstopdf on the fly (HO)

(/usr/local/texlive/2013/texmf-dist/tex/latex/oberdiek/epstopdf-base.sty
Package: epstopdf-base 2010/02/09 v2.5 Base part for package epstopdf

(/usr/local/texlive/2013/texmf-dist/tex/latex/oberdiek/grfext.sty
Package: grfext 2010/08/19 v1.1 Manage graphics extensions (HO)

(/usr/local/texlive/2013/texmf-dist/tex/generic/oberdiek/kvdefinekeys.sty
Package: kvdefinekeys 2011/04/07 v1.3 Define keys (HO)
))
(/usr/local/texlive/2013/texmf-dist/tex/latex/oberdiek/kvoptions.sty
Package: kvoptions 2011/06/30 v3.11 Key value format for package options (HO)

(/usr/local/texlive/2013/texmf-dist/tex/generic/oberdiek/kvsetkeys.sty
Package: kvsetkeys 2012/04/25 v1.16 Key value parser (HO)

(/usr/local/texlive/2013/texmf-dist/tex/generic/oberdiek/etexcmds.sty
Package: etexcmds 2011/02/16 v1.5 Avoid name clashes with e-TeX commands (HO)

(/usr/local/texlive/2013/texmf-dist/tex/generic/oberdiek/ifluatex.sty
Package: ifluatex 2010/03/01 v1.3 Provides the ifluatex switch (HO)
Package ifluatex Info: LuaTeX not detected.
)
Package etexcmds Info: Could not find \expanded.
(etexcmds)             That can mean that you are not using pdfTeX 1.50 or
(etexcmds)             that some package has redefined \expanded.
(etexcmds)             In the latter case, load this package earlier.
)))
(/usr/local/texlive/2013/texmf-dist/tex/generic/oberdiek/pdftexcmds.sty
Package: pdftexcmds 2011/11/29 v0.20 Utility functions of pdfTeX for LuaTeX (HO
)
Package pdftexcmds Info: LuaTeX not detected.
Package pdftexcmds Info: \pdf@primitive is available.
Package pdftexcmds Info: \pdf@ifprimitive is available.
Package pdftexcmds Info: \pdfdraftmode found.
)
Package grfext Info: Graphics extension search list:
(grfext)             [.png,.pdf,.jpg,.mps,.jpeg,.jbig2,.jb2,.PNG,.PDF,.JPG,.JPE
G,.JBIG2,.JB2,.eps]
(grfext)             \AppendGraphicsExtensions on input line 452.

(/usr/local/texlive/2013/texmf-dist/tex/latex/latexconfig/epstopdf-sys.cfg
File: epstopdf-sys.cfg 2010/07/13 v1.3 Configuration of (r)epstopdf for TeX Liv
e
)))
(/usr/local/texlive/2013/texmf-dist/tex/latex/wrapfig/wrapfig.sty
\wrapoverhang=\dimen113
\WF@size=\dimen114
\c@WF@wrappedlines=\count91
\WF@box=\box26
\WF@everypar=\toks17
Package: wrapfig 2003/01/31  v 3.6
)
(/usr/local/texlive/2013/texmf-dist/tex/latex/caption/caption.sty
Package: caption 2013/05/02 v3.3-89 Customizing captions (AR)

(/usr/local/texlive/2013/texmf-dist/tex/latex/caption/caption3.sty
Package: caption3 2013/05/02 v1.6-88 caption3 kernel (AR)
Package caption3 Info: TeX engine: e-TeX on input line 57.
\captionmargin=\dimen115
\captionmargin@=\dimen116
\captionwidth=\dimen117
\caption@tempdima=\dimen118
\caption@indent=\dimen119
\caption@parindent=\dimen120
\caption@hangindent=\dimen121
)
\c@ContinuedFloat=\count92
Package caption Info: wrapfig package is loaded.
)
(./ALDEX_manual_tex_2.0.aux)
\openout1 = `ALDEX_manual_tex_2.0.aux'.

LaTeX Font Info:    Checking defaults for OML/cmm/m/it on input line 23.
LaTeX Font Info:    ... okay on input line 23.
LaTeX Font Info:    Checking defaults for T1/cmr/m/n on input line 23.
LaTeX Font Info:    ... okay on input line 23.
LaTeX Font Info:    Checking defaults for OT1/cmr/m/n on input line 23.
LaTeX Font Info:    ... okay on input line 23.
LaTeX Font Info:    Checking defaults for OMS/cmsy/m/n on input line 23.
LaTeX Font Info:    ... okay on input line 23.
LaTeX Font Info:    Checking defaults for OMX/cmex/m/n on input line 23.
LaTeX Font Info:    ... okay on input line 23.
LaTeX Font Info:    Checking defaults for U/cmr/m/n on input line 23.
LaTeX Font Info:    ... okay on input line 23.

*geometry* driver: auto-detecting
*geometry* detected driver: pdftex
*geometry* verbose mode - [ preamble ] result:
* driver: pdftex
* paper: letterpaper
* layout: <same size as paper>
* layoutoffset:(h,v)=(0.0pt,0.0pt)
* modes: 
* h-part:(L,W,R)=(72.26999pt, 469.75502pt, 72.26999pt)
* v-part:(T,H,B)=(72.26999pt, 650.43001pt, 72.26999pt)
* \paperwidth=614.295pt
* \paperheight=794.96999pt
* \textwidth=469.75502pt
* \textheight=650.43001pt
* \oddsidemargin=0.0pt
* \evensidemargin=0.0pt
* \topmargin=-37.0pt
* \headheight=12.0pt
* \headsep=25.0pt
* \topskip=11.0pt
* \footskip=30.0pt
* \marginparwidth=59.0pt
* \marginparsep=10.0pt
* \columnsep=10.0pt
* \skip\footins=10.0pt plus 4.0pt minus 2.0pt
* \hoffset=0.0pt
* \voffset=0.0pt
* \mag=1000
* \@twocolumnfalse
* \@twosidefalse
* \@mparswitchfalse
* \@reversemarginfalse
* (1in=72.27pt=25.4mm, 1cm=28.453pt)

(/usr/local/texlive/2013/texmf-dist/tex/context/base/supp-pdf.mkii
[Loading MPS to PDF converter (version 2006.09.02).]
\scratchcounter=\count93
\scratchdimen=\dimen122
\scratchbox=\box27
\nofMPsegments=\count94
\nofMParguments=\count95
\everyMPshowfont=\toks18
\MPscratchCnt=\count96
\MPscratchDim=\dimen123
\MPnumerator=\count97
\makeMPintoPDFobject=\count98
\everyMPtoPDFconversion=\toks19
)
Package caption Info: Begin \AtBeginDocument code.
Package caption Info: End \AtBeginDocument code.
LaTeX Font Info:    Try loading font information for U+msa on input line 24.
 (/usr/local/texlive/2013/texmf-dist/tex/latex/amsfonts/umsa.fd
File: umsa.fd 2013/01/14 v3.01 AMS symbols A
)
LaTeX Font Info:    Try loading font information for U+msb on input line 24.

(/usr/local/texlive/2013/texmf-dist/tex/latex/amsfonts/umsb.fd
File: umsb.fd 2013/01/14 v3.01 AMS symbols B
)
(./ALDEX_manual_tex_2.0.toc)
\tf@toc=\write3
\openout3 = `ALDEX_manual_tex_2.0.toc'.

 [1

{/usr/local/texlive/2013/texmf-var/fonts/map/pdftex/updmap/pdftex.map}]
Underfull \hbox (badness 10000) in paragraph at lines 45--46

 []

[2]
LaTeX Font Info:    Try loading font information for OMS+cmr on input line 97.
 (/usr/local/texlive/2013/texmf-dist/tex/latex/base/omscmr.fd
File: omscmr.fd 1999/05/25 v2.5h Standard LaTeX font definitions
)
LaTeX Font Info:    Font shape `OMS/cmr/m/n' in size <10.95> not available
(Font)              Font shape `OMS/cmsy/m/n' tried instead on input line 97.
 [3]

Package wrapfig Warning: wrapfigure used inside a conflicting environment on in
put line 103.

</Users/ggloor/git/ALDEx2/manual/DirvsBH.pdf, id=20, 433.62pt x 361.35pt>
File: /Users/ggloor/git/ALDEx2/manual/DirvsBH.pdf Graphic file (type pdf)

<use /Users/ggloor/git/ALDEx2/manual/DirvsBH.pdf>
Package pdftex.def Info: /Users/ggloor/git/ALDEx2/manual/DirvsBH.pdf used on in
put line 106.
(pdftex.def)             Requested size: 234.8775pt x 195.7326pt.


Package wrapfig Warning: Stationary wrapfigure forced to float on input line 11
1.

[4 </Users/ggloor/git/ALDEx2/manual/DirvsBH.pdf>]
Underfull \hbox (badness 10000) in paragraph at lines 124--127

 []


Underfull \hbox (badness 10000) in paragraph at lines 124--127

 []


Underfull \hbox (badness 10000) in paragraph at lines 124--127

 []


Underfull \hbox (badness 10000) in paragraph at lines 124--127

 []

[5]
Underfull \hbox (badness 10000) in paragraph at lines 128--129

 []

</Users/ggloor/git/ALDEx2/manual/selex_mw.pdf, id=35, 578.16pt x 289.08pt>
File: /Users/ggloor/git/ALDEx2/manual/selex_mw.pdf Graphic file (type pdf)

<use /Users/ggloor/git/ALDEx2/manual/selex_mw.pdf>
Package pdftex.def Info: /Users/ggloor/git/ALDEx2/manual/selex_mw.pdf used on i
nput line 152.
(pdftex.def)             Requested size: 433.62pt x 216.80946pt.


LaTeX Warning: `!h' float specifier changed to `!ht'.


Underfull \hbox (badness 10000) in paragraph at lines 162--163

 []


Underfull \hbox (badness 10000) in paragraph at lines 166--167

 []

[6]
Underfull \hbox (badness 10000) in paragraph at lines 169--170

 []


Underfull \hbox (badness 10000) in paragraph at lines 172--173

 []

LaTeX Font Info:    Try loading font information for OMS+cmtt on input line 193
.
LaTeX Font Info:    No file OMScmtt.fd. on input line 193.

LaTeX Font Warning: Font shape `OMS/cmtt/m/n' undefined
(Font)              using `OMS/cmsy/m/n' instead
(Font)              for symbol `textbullet' on input line 193.

LaTeX Font Info:    Font shape `OT1/cmtt/bx/n' in size <10.95> not available
(Font)              Font shape `OT1/cmtt/m/n' tried instead on input line 193.

Overfull \hbox (29.01244pt too wide) in paragraph at lines 193--193
[]\OT1/cmtt/m/n/10.95 rab.all.q50 - median relative abundance of the mixture di
stribution of all samples 
 []


Overfull \hbox (0.269pt too wide) in paragraph at lines 193--193
[]\OT1/cmtt/m/n/10.95 rab.win.N.q50 - median value of the mixture distribution 
samples in condition
 []

[7 </Users/ggloor/git/ALDEx2/manual/selex_mw.pdf>]
Overfull \hbox (0.269pt too wide) in paragraph at lines 193--193
[]\OT1/cmtt/m/n/10.95 rab.win.B.q50 - median value of the mixture distribution 
samples in condition
 []


Overfull \hbox (6.01768pt too wide) in paragraph at lines 193--193
[]\OT1/cmtt/m/n/10.95 effect.q50 - effect size, how distinct the between differ
ence is as a function
 []


Overfull \hbox (11.76637pt too wide) in paragraph at lines 193--193
[]\OT1/cmtt/m/n/10.95 overlap - the fraction of the effect size distribution th
at overlaps 0. If the
 []


Overfull \hbox (57.75587pt too wide) in paragraph at lines 193--193
\OT1/cmtt/m/n/10.95 effect size is 2 and the overlap is less than 1% this is eq
uivalent to the significance
 []


Overfull \hbox (0.269pt too wide) in paragraph at lines 193--193
\OT1/cmtt/m/n/10.95 test used by ALDEx version 1. This measure is not expected 
to be reliable if
 []


Underfull \hbox (badness 10000) in paragraph at lines 209--210

 []


Underfull \hbox (badness 10000) in paragraph at lines 215--216

 []

[8]
Underfull \hbox (badness 10000) in paragraph at lines 218--219

 []


Underfull \hbox (badness 10000) in paragraph at lines 223--224

 []


Underfull \hbox (badness 10000) in paragraph at lines 225--226

 []


Underfull \hbox (badness 10000) in paragraph at lines 227--228

 []


Underfull \hbox (badness 10000) in paragraph at lines 233--234

 []


Underfull \hbox (badness 10000) in paragraph at lines 238--239

 []


Underfull \hbox (badness 10000) in paragraph at lines 241--242

 []


Underfull \hbox (badness 10000) in paragraph at lines 244--245

 []

[9]
Overfull \hbox (29.01244pt too wide) in paragraph at lines 265--265
[]\OT1/cmtt/m/n/10.95 rab.all.q50 - median relative abundance of the mixture di
stribution of all samples 
 []


Overfull \hbox (0.269pt too wide) in paragraph at lines 265--265
[]\OT1/cmtt/m/n/10.95 rab.win.N.q50 - median value of the mixture distribution 
samples in condition
 []


Overfull \hbox (0.269pt too wide) in paragraph at lines 265--265
[]\OT1/cmtt/m/n/10.95 rab.win.B.q50 - median value of the mixture distribution 
samples in condition
 []


Overfull \hbox (6.01768pt too wide) in paragraph at lines 265--265
[]\OT1/cmtt/m/n/10.95 effect.q50 - effect size, how distinct the between differ
ence is as a function
 []


Overfull \hbox (11.76637pt too wide) in paragraph at lines 265--265
[]\OT1/cmtt/m/n/10.95 overlap - the fraction of the effect size distribution th
at overlaps 0. If the
 []


Overfull \hbox (57.75587pt too wide) in paragraph at lines 265--265
\OT1/cmtt/m/n/10.95 effect size is 2 and the overlap is less than 1% this is eq
uivalent to the significance
 []

</Users/ggloor/git/ALDEx2/manual/bottomly.pdf, id=61, 578.16pt x 289.08pt>
File: /Users/ggloor/git/ALDEx2/manual/bottomly.pdf Graphic file (type pdf)

<use /Users/ggloor/git/ALDEx2/manual/bottomly.pdf>
Package pdftex.def Info: /Users/ggloor/git/ALDEx2/manual/bottomly.pdf used on i
nput line 270.
(pdftex.def)             Requested size: 281.85587pt x 140.92703pt.
 [10 </Users/ggloor/git/ALDEx2/manual/bottomly.pdf>]
Overfull \hbox (0.31017pt too wide) in paragraph at lines 305--305
[]\OT1/cmtt/m/n/10.95 plot.aldex(xb, test="wilcoxon")[] 
 []

</Users/ggloor/git/ALDEx2/manual/effect.pdf, id=77, 289.08pt x 289.08pt>
File: /Users/ggloor/git/ALDEx2/manual/effect.pdf Graphic file (type pdf)

<use /Users/ggloor/git/ALDEx2/manual/effect.pdf>
Package pdftex.def Info: /Users/ggloor/git/ALDEx2/manual/effect.pdf used on inp
ut line 313.
(pdftex.def)             Requested size: 187.89914pt x 187.89977pt.
 [11 </Users/ggloor/git/ALDEx2/manual/effect.pdf>]
Underfull \hbox (badness 10000) in paragraph at lines 341--342

 []

[12] (./ALDEX_manual_tex_2.0.bbl
Underfull \hbox (badness 6332) in paragraph at lines 29--34
[]\OT1/cmr/m/n/10.95 Aitchison J (2003).  A con-cise guide to com-po-si-tional 
data anal-y-sis.  URL
 []


Overfull \hbox (63.79279pt too wide) in paragraph at lines 29--34
\OT1/cmtt/m/n/10.95 http://ima.udg.edu/Activitats/CoDaWork05/A[]concise[]guide[
]to[]compositional[]data[]analysis.pdf\OT1/cmr/m/n/10.95 .
 []


Underfull \hbox (badness 10000) in paragraph at lines 29--34

 []

) [13] (./ALDEX_manual_tex_2.0.aux)

LaTeX Font Warning: Some font shapes were not available, defaults substituted.

 ) 
Here is how much of TeX's memory you used:
 3473 strings out of 493315
 53798 string characters out of 6137904
 121880 words of memory out of 5000000
 6867 multiletter control sequences out of 15000+600000
 13873 words of font info for 54 fonts, out of 8000000 for 9000
 957 hyphenation exceptions out of 8191
 42i,7n,38p,1392b,368s stack positions out of 5000i,500n,10000p,200000b,80000s
</usr/local/texlive/2013/texmf-dist/fonts/type1/public/amsfonts/cm/cmbx10.pfb
></usr/local/texlive/2013/texmf-dist/fonts/type1/public/amsfonts/cm/cmbx12.pfb>
</usr/local/texlive/2013/texmf-dist/fonts/type1/public/amsfonts/cm/cmmi10.pfb><
/usr/local/texlive/2013/texmf-dist/fonts/type1/public/amsfonts/cm/cmr10.pfb></u
sr/local/texlive/2013/texmf-dist/fonts/type1/public/amsfonts/cm/cmr12.pfb></usr
/local/texlive/2013/texmf-dist/fonts/type1/public/amsfonts/cm/cmr17.pfb></usr/l
ocal/texlive/2013/texmf-dist/fonts/type1/public/amsfonts/cm/cmsy10.pfb></usr/lo
cal/texlive/2013/texmf-dist/fonts/type1/public/amsfonts/cm/cmti10.pfb></usr/loc
al/texlive/2013/texmf-dist/fonts/type1/public/amsfonts/cm/cmtt10.pfb>
Output written on ALDEX_manual_tex_2.0.pdf (13 pages, 643354 bytes).
PDF statistics:
 124 PDF objects out of 1000 (max. 8388607)
 91 compressed objects within 1 object stream
 0 named destinations out of 1000 (max. 500000)
 21 words of extra memory for PDF output out of 10000 (max. 10000000)

